time="2024-05-13T11:12:49+03:00" level=info msg="create router..." func="main.main()" file="app.go:15"
time="2024-05-13T11:12:49+03:00" level=info msg="read application configuration" func="booking_service/internal/config.GetConfig.func1()" file="config.go:33"
time="2024-05-13T11:12:49+03:00" level=info msg="register handlers..." func="main.main()" file="app.go:27"
time="2024-05-13T11:12:49+03:00" level=info msg="start server..." func="main.main()" file="app.go:31"
time="2024-05-13T11:13:05+03:00" level=trace msg="SQL Query:  SELECT id, name, address, seats_num, comment FROM public.location WHERE id = $1; " func="booking_service/internal/location/db.repository.FindOne()" file="postgresql.go:81"
time="2024-05-13T11:13:09+03:00" level=trace msg="SQL Query:  SELECT id, name, address, seats_num, comment FROM public.location; " func="booking_service/internal/location/db.repository.FindAll()" file="postgresql.go:49"
time="2024-05-13T12:08:23+03:00" level=info msg="create router..." func="main.main()" file="app.go:17"
time="2024-05-13T12:08:23+03:00" level=info msg="read application configuration" func="booking_service/internal/config.GetConfig.func1()" file="config.go:33"
time="2024-05-13T12:08:23+03:00" level=info msg="register location handlers..." func="main.main()" file="app.go:30"
time="2024-05-13T12:08:23+03:00" level=info msg="register artist handlers..." func="main.main()" file="app.go:34"
time="2024-05-13T12:08:23+03:00" level=info msg="start server..." func="main.main()" file="app.go:38"
time="2024-05-13T12:13:52+03:00" level=info msg="create router..." func="main.main()" file="app.go:17"
time="2024-05-13T12:13:52+03:00" level=info msg="read application configuration" func="booking_service/internal/config.GetConfig.func1()" file="config.go:33"
time="2024-05-13T12:13:52+03:00" level=info msg="register location handlers..." func="main.main()" file="app.go:30"
time="2024-05-13T12:13:52+03:00" level=info msg="register artist handlers..." func="main.main()" file="app.go:34"
time="2024-05-13T12:13:52+03:00" level=info msg="start server..." func="main.main()" file="app.go:38"
time="2024-05-13T12:14:04+03:00" level=trace msg="SQL Query: INSERT INTO public.artist (name, email, phone) VALUES ($1, $2, $3)  RETURNING id" func="booking_service/internal/artist/db.repository.Create()" file="postgresql.go:29"
time="2024-05-13T12:14:17+03:00" level=trace msg="SQL Query:  SELECT id, name, email, phone FROM public.artist; " func="booking_service/internal/artist/db.repository.FindAll()" file="postgresql.go:49"
time="2024-05-13T12:14:22+03:00" level=trace msg="SQL Query:  SELECT id, name, email, phone FROM public.artist WHERE id = $1; " func="booking_service/internal/artist/db.repository.FindOne()" file="postgresql.go:81"
time="2024-05-13T12:14:59+03:00" level=trace msg="SQL Query: INSERT INTO public.artist (name, email, phone) VALUES ($1, $2, $3)  RETURNING id" func="booking_service/internal/artist/db.repository.Create()" file="postgresql.go:29"
time="2024-05-13T12:15:36+03:00" level=trace msg="SQL Query:  UPDATE public.location   SET name = $1, address = $2, seats_num = $3, comment = $4 Where id = $5; " func="booking_service/internal/location/db.repository.Update()" file="postgresql.go:99"
time="2024-05-13T12:15:44+03:00" level=trace msg="SQL Query:  SELECT id, name, email, phone FROM public.artist WHERE id = $1; " func="booking_service/internal/artist/db.repository.FindOne()" file="postgresql.go:81"
time="2024-05-13T12:15:46+03:00" level=trace msg="SQL Query:  SELECT id, name, email, phone FROM public.artist WHERE id = $1; " func="booking_service/internal/artist/db.repository.FindOne()" file="postgresql.go:81"
time="2024-05-13T12:15:52+03:00" level=trace msg="SQL Query:  SELECT id, name, email, phone FROM public.artist; " func="booking_service/internal/artist/db.repository.FindAll()" file="postgresql.go:49"
time="2024-05-13T12:16:18+03:00" level=trace msg="SQL Query:  UPDATE public.location   SET name = $1, address = $2, seats_num = $3, comment = $4 Where id = $5; " func="booking_service/internal/location/db.repository.Update()" file="postgresql.go:99"
time="2024-05-13T12:16:21+03:00" level=trace msg="SQL Query:  SELECT id, name, email, phone FROM public.artist; " func="booking_service/internal/artist/db.repository.FindAll()" file="postgresql.go:49"
time="2024-05-13T12:16:27+03:00" level=trace msg="SQL Query:  DELETE FROM public.location WHERE id=$1 " func="booking_service/internal/location/db.repository.Delete()" file="postgresql.go:113"
time="2024-05-13T12:16:32+03:00" level=trace msg="SQL Query:  SELECT id, name, email, phone FROM public.artist; " func="booking_service/internal/artist/db.repository.FindAll()" file="postgresql.go:49"
time="2024-05-13T12:31:11+03:00" level=info msg="create router..." func="main.main()" file="app.go:17"
time="2024-05-13T12:31:11+03:00" level=info msg="read application configuration" func="booking_service/internal/config.GetConfig.func1()" file="config.go:33"
time="2024-05-13T12:31:11+03:00" level=info msg="register location handlers..." func="main.main()" file="app.go:30"
time="2024-05-13T12:31:11+03:00" level=info msg="register artist handlers..." func="main.main()" file="app.go:34"
time="2024-05-13T12:31:11+03:00" level=info msg="start server..." func="main.main()" file="app.go:38"
time="2024-05-13T12:31:37+03:00" level=trace msg="SQL Query:  SELECT id, name, email, phone FROM public.artist; " func="booking_service/internal/artist/db.repository.FindAll()" file="postgresql.go:49"
time="2024-05-13T12:31:51+03:00" level=trace msg="SQL Query:  UPDATE public.artist    SET name = $1, email = $2, phone = $3 Where id = $4; " func="booking_service/internal/artist/db.repository.Update()" file="postgresql.go:99"
time="2024-05-13T12:32:09+03:00" level=trace msg="SQL Query:  SELECT id, name, email, phone FROM public.artist WHERE id = $1; " func="booking_service/internal/artist/db.repository.FindOne()" file="postgresql.go:81"
time="2024-05-13T12:32:15+03:00" level=trace msg="SQL Query:  DELETE FROM public.location WHERE id=$1 " func="booking_service/internal/location/db.repository.Delete()" file="postgresql.go:113"
time="2024-05-13T12:32:18+03:00" level=trace msg="SQL Query:  SELECT id, name, email, phone FROM public.artist WHERE id = $1; " func="booking_service/internal/artist/db.repository.FindOne()" file="postgresql.go:81"
time="2024-05-13T12:32:27+03:00" level=trace msg="SQL Query:  DELETE FROM public.artist WHERE id=$1 " func="booking_service/internal/artist/db.repository.Delete()" file="postgresql.go:113"
time="2024-05-13T12:32:32+03:00" level=trace msg="SQL Query:  SELECT id, name, email, phone FROM public.artist; " func="booking_service/internal/artist/db.repository.FindAll()" file="postgresql.go:49"
time="2024-05-13T12:33:32+03:00" level=trace msg="SQL Query:  SELECT id, name, address, seats_num, comment FROM public.location; " func="booking_service/internal/location/db.repository.FindAll()" file="postgresql.go:49"
time="2024-05-13T12:33:44+03:00" level=trace msg="SQL Query:  DELETE FROM public.location WHERE id=$1 " func="booking_service/internal/location/db.repository.Delete()" file="postgresql.go:113"
time="2024-05-13T12:33:47+03:00" level=trace msg="SQL Query:  SELECT id, name, address, seats_num, comment FROM public.location; " func="booking_service/internal/location/db.repository.FindAll()" file="postgresql.go:49"
time="2024-05-13T14:47:16+03:00" level=info msg="create router..." func="main.main()" file="app.go:19"
time="2024-05-13T14:47:16+03:00" level=info msg="read application configuration" func="booking_service/internal/config.GetConfig.func1()" file="config.go:33"
time="2024-05-13T14:47:16+03:00" level=info msg="register location handlers..." func="main.main()" file="app.go:33"
time="2024-05-13T14:47:16+03:00" level=info msg="register artist handlers..." func="main.main()" file="app.go:37"
time="2024-05-13T14:47:16+03:00" level=info msg="register booking handlers..." func="main.main()" file="app.go:41"
time="2024-05-13T14:47:16+03:00" level=info msg="start server..." func="main.main()" file="app.go:45"
time="2024-05-13T14:47:47+03:00" level=trace msg="SQL Query:  SELECT booking.id, booking.location_id, booking.artist_id, booking.date, booking.comment  FROM public.booking JOIN public.location ON location.id = booking.location_id JOIN public.artist ON artist.id = booking.location_id; " func="booking_service/internal/booking/db.repository.FindAll()" file="postgresql.go:52"
time="2024-05-13T14:48:01+03:00" level=trace msg="SQL Query:  SELECT id, name, address, seats_num, comment FROM public.location; " func="booking_service/internal/location/db.repository.FindAll()" file="postgresql.go:49"
time="2024-05-13T14:51:27+03:00" level=trace msg="SQL Query:  SELECT id, name, email, phone FROM public.artist; " func="booking_service/internal/artist/db.repository.FindAll()" file="postgresql.go:49"
time="2024-05-13T14:51:38+03:00" level=trace msg="SQL Query: INSERT INTO public.artist (name, email, phone) VALUES ($1, $2, $3)  RETURNING id" func="booking_service/internal/artist/db.repository.Create()" file="postgresql.go:29"
time="2024-05-13T14:53:08+03:00" level=info msg="create router..." func="main.main()" file="app.go:19"
time="2024-05-13T14:53:08+03:00" level=info msg="read application configuration" func="booking_service/internal/config.GetConfig.func1()" file="config.go:33"
time="2024-05-13T14:53:08+03:00" level=info msg="register location handlers..." func="main.main()" file="app.go:33"
time="2024-05-13T14:53:08+03:00" level=info msg="register artist handlers..." func="main.main()" file="app.go:37"
time="2024-05-13T14:53:08+03:00" level=info msg="register booking handlers..." func="main.main()" file="app.go:41"
time="2024-05-13T14:53:08+03:00" level=info msg="start server..." func="main.main()" file="app.go:45"
time="2024-05-13T14:53:28+03:00" level=trace msg="SQL Query: INSERT INTO public.booking (location_id, artist_id, date, comment)  VALUES ($1, $2, $3, $4)  RETURNING id" func="booking_service/internal/booking/db.repository.Create()" file="postgresql.go:29"
time="2024-05-13T14:53:36+03:00" level=trace msg="SQL Query:  SELECT booking.id, booking.location_id, booking.artist_id, booking.date, booking.comment  FROM public.booking JOIN public.location ON location.id = booking.location_id JOIN public.artist ON artist.id = booking.location_id; " func="booking_service/internal/booking/db.repository.FindAll()" file="postgresql.go:52"
time="2024-05-13T14:55:34+03:00" level=trace msg="SQL Query: INSERT INTO public.booking (location_id, artist_id, date, comment)  VALUES ($1, $2, $3, $4)  RETURNING id" func="booking_service/internal/booking/db.repository.Create()" file="postgresql.go:29"
time="2024-05-13T14:55:39+03:00" level=trace msg="SQL Query:  SELECT id, name, email, phone FROM public.artist; " func="booking_service/internal/artist/db.repository.FindAll()" file="postgresql.go:49"
time="2024-05-13T14:55:53+03:00" level=trace msg="SQL Query:  SELECT id, name, address, seats_num, comment FROM public.location; " func="booking_service/internal/location/db.repository.FindAll()" file="postgresql.go:49"
time="2024-05-13T14:56:03+03:00" level=trace msg="SQL Query:  SELECT booking.id, booking.location_id, booking.artist_id, booking.date, booking.comment  FROM public.booking JOIN public.location ON location.id = booking.location_id JOIN public.artist ON artist.id = booking.location_id; " func="booking_service/internal/booking/db.repository.FindAll()" file="postgresql.go:52"
time="2024-05-13T14:58:49+03:00" level=info msg="create router..." func="main.main()" file="app.go:19"
time="2024-05-13T14:58:49+03:00" level=info msg="read application configuration" func="booking_service/internal/config.GetConfig.func1()" file="config.go:33"
time="2024-05-13T14:58:49+03:00" level=info msg="register location handlers..." func="main.main()" file="app.go:33"
time="2024-05-13T14:58:49+03:00" level=info msg="register artist handlers..." func="main.main()" file="app.go:37"
time="2024-05-13T14:58:49+03:00" level=info msg="register booking handlers..." func="main.main()" file="app.go:41"
time="2024-05-13T14:58:49+03:00" level=info msg="start server..." func="main.main()" file="app.go:45"
time="2024-05-13T14:58:52+03:00" level=trace msg="SQL Query: INSERT INTO public.booking (location_id, artist_id, date, comment)  VALUES ($1, $2, $3, $4)  RETURNING id" func="booking_service/internal/booking/db.repository.Create()" file="postgresql.go:29"
time="2024-05-13T14:59:03+03:00" level=trace msg="SQL Query:  SELECT booking.id, booking.location_id, booking.artist_id, booking.date, booking.comment  FROM public.booking JOIN public.location ON location.id = booking.location_id JOIN public.artist ON artist.id = booking.location_id WHERE booking.id = $1; " func="booking_service/internal/booking/db.repository.FindOne()" file="postgresql.go:88"
time="2024-05-13T14:59:03+03:00" level=fatal msg="no rows in result set" func="booking_service/internal/booking.(*handlerBooking).GetBookingById()" file="service_booking.go:48"
time="2024-05-13T15:02:16+03:00" level=info msg="create router..." func="main.main()" file="app.go:19"
time="2024-05-13T15:02:16+03:00" level=info msg="read application configuration" func="booking_service/internal/config.GetConfig.func1()" file="config.go:33"
time="2024-05-13T15:02:16+03:00" level=info msg="register location handlers..." func="main.main()" file="app.go:33"
time="2024-05-13T15:02:16+03:00" level=info msg="register artist handlers..." func="main.main()" file="app.go:37"
time="2024-05-13T15:02:16+03:00" level=info msg="register booking handlers..." func="main.main()" file="app.go:41"
time="2024-05-13T15:02:16+03:00" level=info msg="start server..." func="main.main()" file="app.go:45"
time="2024-05-13T15:02:22+03:00" level=trace msg="SQL Query:  SELECT booking.id, booking.location_id, booking.artist_id, booking.date, booking.comment  FROM public.booking JOIN public.location ON location.id = booking.location_id JOIN public.artist ON artist.id = booking.artist_id WHERE booking.id = $1; " func="booking_service/internal/booking/db.repository.FindOne()" file="postgresql.go:88"
time="2024-05-13T15:02:22+03:00" level=fatal msg="can't scan into dest[3]: cannot scan date (OID 1082) in binary format into *string" func="booking_service/internal/booking.(*handlerBooking).GetBookingById()" file="service_booking.go:48"
time="2024-05-13T15:11:30+03:00" level=info msg="create router..." func="main.main()" file="app.go:19"
time="2024-05-13T15:11:30+03:00" level=info msg="read application configuration" func="booking_service/internal/config.GetConfig.func1()" file="config.go:33"
time="2024-05-13T15:11:30+03:00" level=info msg="register location handlers..." func="main.main()" file="app.go:33"
time="2024-05-13T15:11:30+03:00" level=info msg="register artist handlers..." func="main.main()" file="app.go:37"
time="2024-05-13T15:11:30+03:00" level=info msg="register booking handlers..." func="main.main()" file="app.go:41"
time="2024-05-13T15:11:30+03:00" level=info msg="start server..." func="main.main()" file="app.go:45"
time="2024-05-13T15:11:57+03:00" level=trace msg="SQL Query:  SELECT booking.id, booking.location_id, booking.artist_id, booking.date, booking.comment  FROM public.booking JOIN public.location ON location.id = booking.location_id JOIN public.artist ON artist.id = booking.location_id; " func="booking_service/internal/booking/db.repository.FindAll()" file="postgresql.go:52"
time="2024-05-13T15:14:29+03:00" level=trace msg="SQL Query:  SELECT booking.id, booking.location_id, booking.artist_id, booking.date, booking.comment  FROM public.booking JOIN public.location ON location.id = booking.location_id JOIN public.artist ON artist.id = booking.location_id; " func="booking_service/internal/booking/db.repository.FindAll()" file="postgresql.go:52"
time="2024-05-13T15:14:40+03:00" level=info msg="create router..." func="main.main()" file="app.go:19"
time="2024-05-13T15:14:40+03:00" level=info msg="read application configuration" func="booking_service/internal/config.GetConfig.func1()" file="config.go:33"
time="2024-05-13T15:14:40+03:00" level=info msg="register location handlers..." func="main.main()" file="app.go:33"
time="2024-05-13T15:14:40+03:00" level=info msg="register artist handlers..." func="main.main()" file="app.go:37"
time="2024-05-13T15:14:40+03:00" level=info msg="register booking handlers..." func="main.main()" file="app.go:41"
time="2024-05-13T15:14:40+03:00" level=info msg="start server..." func="main.main()" file="app.go:45"
time="2024-05-13T15:14:43+03:00" level=trace msg="SQL Query:  SELECT booking.id, booking.location_id, booking.artist_id, booking.date, booking.comment  FROM public.booking JOIN public.location ON location.id = booking.location_id JOIN public.artist ON artist.id = booking.artist_id; " func="booking_service/internal/booking/db.repository.FindAll()" file="postgresql.go:52"
time="2024-05-13T15:14:43+03:00" level=fatal msg="can't scan into dest[3]: cannot scan date (OID 1082) in binary format into *string" func="booking_service/internal/booking.(*handlerBooking).GetListBooking()" file="service_booking.go:34"
time="2024-05-13T15:20:29+03:00" level=info msg="create router..." func="main.main()" file="app.go:19"
time="2024-05-13T15:20:29+03:00" level=info msg="read application configuration" func="booking_service/internal/config.GetConfig.func1()" file="config.go:33"
time="2024-05-13T15:20:29+03:00" level=info msg="register location handlers..." func="main.main()" file="app.go:33"
time="2024-05-13T15:20:29+03:00" level=info msg="register artist handlers..." func="main.main()" file="app.go:37"
time="2024-05-13T15:20:29+03:00" level=info msg="register booking handlers..." func="main.main()" file="app.go:41"
time="2024-05-13T15:20:29+03:00" level=info msg="start server..." func="main.main()" file="app.go:45"
time="2024-05-13T15:20:35+03:00" level=trace msg="SQL Query:  SELECT booking.id, booking.location_id, booking.artist_id, booking.date, booking.comment  FROM public.booking JOIN public.location ON location.id = booking.location_id JOIN public.artist ON artist.id = booking.artist_id; " func="booking_service/internal/booking/db.repository.FindAll()" file="postgresql.go:52"
time="2024-05-13T15:20:48+03:00" level=trace msg="SQL Query:  SELECT booking.id, booking.location_id, booking.artist_id, booking.date, booking.comment  FROM public.booking JOIN public.location ON location.id = booking.location_id JOIN public.artist ON artist.id = booking.artist_id WHERE booking.id = $1; " func="booking_service/internal/booking/db.repository.FindOne()" file="postgresql.go:88"
time="2024-05-13T15:21:22+03:00" level=trace msg="SQL Query:  UPDATE public.artist    SET name = $1, email = $2, phone = $3 Where id = $4; " func="booking_service/internal/artist/db.repository.Update()" file="postgresql.go:99"
time="2024-05-13T15:21:27+03:00" level=trace msg="SQL Query:  SELECT booking.id, booking.location_id, booking.artist_id, booking.date, booking.comment  FROM public.booking JOIN public.location ON location.id = booking.location_id JOIN public.artist ON artist.id = booking.artist_id WHERE booking.id = $1; " func="booking_service/internal/booking/db.repository.FindOne()" file="postgresql.go:88"
time="2024-05-13T15:21:28+03:00" level=trace msg="SQL Query:  SELECT booking.id, booking.location_id, booking.artist_id, booking.date, booking.comment  FROM public.booking JOIN public.location ON location.id = booking.location_id JOIN public.artist ON artist.id = booking.artist_id WHERE booking.id = $1; " func="booking_service/internal/booking/db.repository.FindOne()" file="postgresql.go:88"
time="2024-05-13T15:21:53+03:00" level=trace msg="SQL Query:  UPDATE public.artist    SET name = $1, email = $2, phone = $3 Where id = $4; " func="booking_service/internal/artist/db.repository.Update()" file="postgresql.go:99"
time="2024-05-13T15:21:56+03:00" level=trace msg="SQL Query:  SELECT booking.id, booking.location_id, booking.artist_id, booking.date, booking.comment  FROM public.booking JOIN public.location ON location.id = booking.location_id JOIN public.artist ON artist.id = booking.artist_id WHERE booking.id = $1; " func="booking_service/internal/booking/db.repository.FindOne()" file="postgresql.go:88"
time="2024-05-13T15:21:57+03:00" level=trace msg="SQL Query:  SELECT booking.id, booking.location_id, booking.artist_id, booking.date, booking.comment  FROM public.booking JOIN public.location ON location.id = booking.location_id JOIN public.artist ON artist.id = booking.artist_id WHERE booking.id = $1; " func="booking_service/internal/booking/db.repository.FindOne()" file="postgresql.go:88"
time="2024-05-13T15:22:39+03:00" level=trace msg="SQL Query:  UPDATE public.booking  SET location_id = $1, artist_id = $2, date = $3, comment = $4 Where id = $5; " func="booking_service/internal/booking/db.repository.Update()" file="postgresql.go:106"
time="2024-05-13T15:22:43+03:00" level=trace msg="SQL Query:  SELECT booking.id, booking.location_id, booking.artist_id, booking.date, booking.comment  FROM public.booking JOIN public.location ON location.id = booking.location_id JOIN public.artist ON artist.id = booking.artist_id WHERE booking.id = $1; " func="booking_service/internal/booking/db.repository.FindOne()" file="postgresql.go:88"
time="2024-05-13T15:23:15+03:00" level=trace msg="SQL Query:  DELETE FROM public.booking WHERE id=$1 " func="booking_service/internal/booking/db.repository.Delete()" file="postgresql.go:120"
time="2024-05-13T15:23:20+03:00" level=trace msg="SQL Query:  SELECT booking.id, booking.location_id, booking.artist_id, booking.date, booking.comment  FROM public.booking JOIN public.location ON location.id = booking.location_id JOIN public.artist ON artist.id = booking.artist_id; " func="booking_service/internal/booking/db.repository.FindAll()" file="postgresql.go:52"
time="2024-05-14T15:03:06+03:00" level=info msg="create router..." func="main.main()" file="app.go:19"
time="2024-05-14T15:03:06+03:00" level=info msg="read application configuration" func="booking_service/internal/config.GetConfig.func1()" file="config.go:33"
time="2024-05-14T15:03:06+03:00" level=info msg="register location handlers..." func="main.main()" file="app.go:32"
time="2024-05-14T15:03:06+03:00" level=info msg="register artist handlers..." func="main.main()" file="app.go:36"
time="2024-05-14T15:03:06+03:00" level=info msg="register booking handlers..." func="main.main()" file="app.go:40"
time="2024-05-14T15:03:06+03:00" level=info msg="start server..." func="main.main()" file="app.go:44"
