time="2024-05-13T17:08:52+03:00" level=info msg="create router..." func="main.main()" file="app.go:15"
time="2024-05-13T17:08:52+03:00" level=info msg="read application configuration" func="transaction_service/internal/config.GetConfig.func1()" file="config.go:33"
time="2024-05-13T17:08:52+03:00" level=info msg="register transaction handlers..." func="main.main()" file="app.go:27"
time="2024-05-13T17:08:52+03:00" level=info msg="start server..." func="main.main()" file="app.go:31"
time="2024-05-13T17:12:00+03:00" level=info msg="create router..." func="main.main()" file="app.go:15"
time="2024-05-13T17:12:00+03:00" level=info msg="read application configuration" func="transaction_service/internal/config.GetConfig.func1()" file="config.go:33"
time="2024-05-13T17:12:00+03:00" level=info msg="register transaction handlers..." func="main.main()" file="app.go:27"
time="2024-05-13T17:12:00+03:00" level=info msg="start server..." func="main.main()" file="app.go:31"
time="2024-05-13T17:12:07+03:00" level=trace msg="SQL Query: INSERT INTO public.transaction (type, amount, comment)  VALUES ($1, $2, $3)  RETURNING id" func="transaction_service/internal/transaction/db.repository.Create()" file="postgresql.go:29"
time="2024-05-13T17:12:07+03:00" level=error msg="SQL Error: password authentication failed for user \"transaction_postgres\", Detail: , Where: , Code: 28P01, SQLState: 28P01" func="transaction_service/internal/transaction/db.repository.Create()" file="postgresql.go:35"
time="2024-05-13T17:12:16+03:00" level=trace msg="SQL Query:  SELECT id, type, amount, comment FROM public.transaction; " func="transaction_service/internal/transaction/db.repository.FindAll()" file="postgresql.go:49"
time="2024-05-13T17:12:16+03:00" level=fatal msg="failed to connect to `host=localhost user=transaction_postgres database=postgres`: failed SASL auth (FATAL: password authentication failed for user \"transaction_postgres\" (SQLSTATE 28P01))" func="transaction_service/internal/transaction.(*handlerTransaction).GetListTransactions()" file="service_transaction.go:32"
time="2024-05-13T17:12:42+03:00" level=info msg="create router..." func="main.main()" file="app.go:15"
time="2024-05-13T17:12:42+03:00" level=info msg="read application configuration" func="transaction_service/internal/config.GetConfig.func1()" file="config.go:33"
time="2024-05-13T17:12:42+03:00" level=info msg="register transaction handlers..." func="main.main()" file="app.go:27"
time="2024-05-13T17:12:42+03:00" level=info msg="start server..." func="main.main()" file="app.go:31"
time="2024-05-13T17:12:46+03:00" level=trace msg="SQL Query:  SELECT id, type, amount, comment FROM public.transaction; " func="transaction_service/internal/transaction/db.repository.FindAll()" file="postgresql.go:49"
time="2024-05-13T17:12:50+03:00" level=trace msg="SQL Query: INSERT INTO public.transaction (type, amount, comment)  VALUES ($1, $2, $3)  RETURNING id" func="transaction_service/internal/transaction/db.repository.Create()" file="postgresql.go:29"
time="2024-05-13T17:12:54+03:00" level=trace msg="SQL Query:  SELECT id, type, amount, comment FROM public.transaction; " func="transaction_service/internal/transaction/db.repository.FindAll()" file="postgresql.go:49"
time="2024-05-13T17:13:01+03:00" level=trace msg="SQL Query:  SELECT id, type, amount, comment FROM public.transaction WHERE id = $1; " func="transaction_service/internal/transaction/db.repository.FindOne()" file="postgresql.go:81"
time="2024-05-14T15:29:53+03:00" level=info msg="create router..." func="main.main()" file="app.go:15"
time="2024-05-14T15:29:53+03:00" level=info msg="read application configuration" func="transaction_service/internal/config.GetConfig.func1()" file="config.go:33"
time="2024-05-14T15:29:53+03:00" level=info func="transaction_service/internal/config.GetConfig.func1()" file="config.go:37"
time="2024-05-14T15:29:53+03:00" level=fatal msg="open config.yml: The system cannot find the file specified." func="transaction_service/internal/config.GetConfig.func1()" file="config.go:38"
time="2024-05-14T15:30:17+03:00" level=info msg="create router..." func="main.main()" file="app.go:15"
time="2024-05-14T15:30:17+03:00" level=info msg="read application configuration" func="transaction_service/internal/config.GetConfig.func1()" file="config.go:33"
time="2024-05-14T15:30:17+03:00" level=info msg="register transaction handlers..." func="main.main()" file="app.go:26"
time="2024-05-14T15:30:17+03:00" level=info msg="start server..." func="main.main()" file="app.go:30"
